[2026-01-24 23:57:08] [INFO] Starting NPM installation fix process...
[2026-01-24 23:57:08] [INFO] Project Path: C:\Users\Administrator\Documents\shadowspark-app
[2026-01-24 23:57:08] [INFO] System RAM: 8GB (Optimizing for low memory)
[2026-01-24 23:57:09] [WARNING] WARNING: Not running as administrator. Some fixes may not work.
[2026-01-24 23:57:09] [INFO] Testing network connectivity...
[2026-01-24 23:57:10] [SUCCESS]  Network reachable: https://registry.npmjs.org
[2026-01-24 23:57:17] [INFO] Configuring npm for low-memory environment...
[2026-01-24 23:57:18] [INFO]   Set: fetch-retry-maxtimeout = 120000
[2026-01-24 23:57:19] [INFO]   Set: audit = false
[2026-01-24 23:57:20] [INFO]   Set: fund = false
[2026-01-24 23:57:21] [INFO]   Set: package-lock = true
[2026-01-24 23:57:22] [INFO]   Set: progress = false
[2026-01-24 23:57:22] [INFO]   Set: prefer-offline = true
[2026-01-24 23:57:23] [INFO]   Set: maxsockets = 1
[2026-01-24 23:57:24] [INFO]   Set: save-exact = true
[2026-01-24 23:57:25] [WARNING]    Failed to set network-concurrency
[2026-01-24 23:57:25] [INFO]   Set: fetch-retry-mintimeout = 60000
[2026-01-24 23:57:26] [INFO]   Set: loglevel = error
[2026-01-24 23:57:27] [INFO]   Set: fetch-retries = 5
[2026-01-24 23:57:28] [SUCCESS]  Registry set to: https://registry.npmjs.org/
[2026-01-24 23:57:28] [INFO] Validating and repairing package.json...
[2026-01-24 23:57:28] [SUCCESS]  package.json is valid JSON
[2026-01-24 23:57:29] [INFO] 
--- Installation Attempt 1 ---
[2026-01-24 23:57:29] [INFO] Installation attempt 1 of 3...
[2026-01-24 23:57:29] [INFO] Trying: Clean install with legacy peer deps
[2026-01-24 23:57:29] [ERROR]  Installation error: This command cannot be run due to the error: %1 is not a valid Win32 application.
[2026-01-24 23:57:34] [INFO] Trying: Install without optional packages
[2026-01-24 23:57:34] [ERROR]  Installation error: This command cannot be run due to the error: %1 is not a valid Win32 application.
[2026-01-24 23:57:39] [INFO] Trying: Production-only install
[2026-01-24 23:57:39] [ERROR]  Installation error: This command cannot be run due to the error: %1 is not a valid Win32 application.
[2026-01-24 23:57:44] [INFO] Trying: Standard install
[2026-01-24 23:57:44] [ERROR]  Installation error: This command cannot be run due to the error: %1 is not a valid Win32 application.
[2026-01-24 23:57:49] [INFO] 
--- Installation Attempt 2 ---
[2026-01-24 23:57:49] [INFO] Installation attempt 2 of 3...
[2026-01-24 23:57:49] [INFO] Trying: Clean install with legacy peer deps
[2026-01-24 23:57:49] [ERROR]  Installation error: This command cannot be run due to the error: %1 is not a valid Win32 application.
[2026-01-24 23:57:54] [INFO] Trying: Install without optional packages
[2026-01-24 23:57:54] [ERROR]  Installation error: This command cannot be run due to the error: %1 is not a valid Win32 application.
[2026-01-24 23:57:59] [INFO] Trying: Production-only install
[2026-01-24 23:57:59] [ERROR]  Installation error: This command cannot be run due to the error: %1 is not a valid Win32 application.
[2026-01-24 23:58:04] [INFO] Trying: Standard install
[2026-01-24 23:58:04] [ERROR]  Installation error: This command cannot be run due to the error: %1 is not a valid Win32 application.
[2026-01-24 23:58:09] [WARNING] Switching to fallback registry...
[2026-01-24 23:58:09] [INFO] Configuring npm for low-memory environment...
[2026-01-24 23:58:10] [INFO]   Set: fetch-retry-maxtimeout = 120000
[2026-01-24 23:58:11] [INFO]   Set: audit = false
[2026-01-24 23:58:12] [INFO]   Set: fund = false
[2026-01-24 23:58:12] [INFO]   Set: package-lock = true
[2026-01-24 23:58:13] [INFO]   Set: progress = false
[2026-01-24 23:58:14] [INFO]   Set: prefer-offline = true
[2026-01-24 23:58:15] [INFO]   Set: maxsockets = 1
[2026-01-24 23:58:15] [INFO]   Set: save-exact = true
[2026-01-24 23:58:16] [WARNING]    Failed to set network-concurrency
[2026-01-24 23:58:17] [INFO]   Set: fetch-retry-mintimeout = 60000
[2026-01-24 23:58:18] [INFO]   Set: loglevel = error
[2026-01-24 23:58:18] [INFO]   Set: fetch-retries = 5
[2026-01-24 23:58:18] [INFO] Using China mirror: https://registry.npmmirror.com/
[2026-01-24 23:58:19] [SUCCESS]  Registry set to: https://registry.npmmirror.com/
[2026-01-24 23:58:19] [INFO] 
--- Installation Attempt 3 ---
[2026-01-24 23:58:19] [INFO] Installation attempt 3 of 3...
[2026-01-24 23:58:19] [INFO] Trying: Clean install with legacy peer deps
[2026-01-24 23:58:19] [ERROR]  Installation error: This command cannot be run due to the error: %1 is not a valid Win32 application.
[2026-01-24 23:58:24] [INFO] Trying: Install without optional packages
[2026-01-24 23:58:24] [ERROR]  Installation error: This command cannot be run due to the error: %1 is not a valid Win32 application.
[2026-01-24 23:58:29] [INFO] Trying: Production-only install
[2026-01-24 23:58:29] [ERROR]  Installation error: This command cannot be run due to the error: %1 is not a valid Win32 application.
[2026-01-24 23:58:34] [INFO] Trying: Standard install
[2026-01-24 23:58:34] [ERROR]  Installation error: This command cannot be run due to the error: %1 is not a valid Win32 application.
[2026-01-24 23:58:40] [WARNING] Bulk installation failed. Trying critical packages individually...
[2026-01-24 23:58:41] [INFO] 
--- Final Verification ---
[2026-01-24 23:58:41] [INFO] Verifying installation...
[2026-01-24 23:58:41] [SUCCESS]  Found: node_modules
[2026-01-24 23:58:41] [SUCCESS]  Found: node_modules/next
[2026-01-24 23:58:41] [SUCCESS]  Found: node_modules/react
[2026-01-24 23:58:41] [SUCCESS]  Found: node_modules/@prisma/client
[2026-01-24 23:58:41] [SUCCESS]  Found: node_modules/next-auth
[2026-01-24 23:58:41] [SUCCESS]  Dependency in package.json: next
[2026-01-24 23:58:41] [SUCCESS]  Dependency in package.json: react
[2026-01-24 23:58:41] [SUCCESS]  Dependency in package.json: react-dom
[2026-01-24 23:58:41] [SUCCESS]  Dependency in package.json: @prisma/client
[2026-01-24 23:58:41] [SUCCESS]  Dependency in package.json: next-auth
[2026-01-24 23:58:41] [SUCCESS] 
 INSTALLATION SUCCESSFUL!
[2026-01-24 23:58:41] [INFO] Next steps:
[2026-01-24 23:58:41] [INFO]   1. Run: npm run dev
[2026-01-24 23:58:41] [INFO]   2. Visit: http://localhost:3000
[2026-01-24 23:58:41] [INFO]   3. Login with: admin@shadowspark.test / admin123
[2026-01-24 23:59:03] [INFO] Fix process completed. Log saved to: C:\Users\Administrator\Documents\shadowspark-app\npm-install-debug-20260124-235702.log
